<?xml version="1.0" encoding="UTF-8"?>
<testng-results ignored="2" total="5" passed="3" failed="0" skipped="0">
  <reporter-output>
  </reporter-output>
  <suite started-at="2026-01-18T19:44:37 IST" name="Login Suite" finished-at="2026-01-18T19:44:51 IST" duration-ms="13308">
    <groups>
    </groups>
    <test started-at="2026-01-18T19:44:37 IST" name="Login page Test" finished-at="2026-01-18T19:44:51 IST" duration-ms="13308">
      <class name="kbm.qa.tests.LoginTest">
        <test-method is-config="true" signature="setup()[pri:0, instance:kbm.qa.tests.LoginTest@4b013c76]" started-at="2026-01-18T19:44:37 IST" name="setup" finished-at="2026-01-18T19:44:42 IST" duration-ms="5074" status="PASS">
          <reporter-output>
          </reporter-output>
        </test-method> <!-- setup -->
        <test-method is-config="true" signature="setUpPage()[pri:0, instance:kbm.qa.tests.LoginTest@4b013c76]" started-at="2026-01-18T19:44:42 IST" name="setUpPage" finished-at="2026-01-18T19:44:42 IST" duration-ms="4" status="PASS">
          <reporter-output>
          </reporter-output>
        </test-method> <!-- setUpPage -->
        <test-method signature="loginPageTitleTest()[pri:0, instance:kbm.qa.tests.LoginTest@4b013c76]" started-at="2026-01-18T19:44:42 IST" name="loginPageTitleTest" finished-at="2026-01-18T19:44:42 IST" duration-ms="25" status="PASS">
          <reporter-output>
          </reporter-output>
        </test-method> <!-- loginPageTitleTest -->
        <test-method is-config="true" signature="tearDown()[pri:0, instance:kbm.qa.tests.LoginTest@4b013c76]" started-at="2026-01-18T19:44:42 IST" name="tearDown" finished-at="2026-01-18T19:44:43 IST" duration-ms="194" status="PASS">
          <reporter-output>
          </reporter-output>
        </test-method> <!-- tearDown -->
        <test-method is-config="true" signature="setup()[pri:0, instance:kbm.qa.tests.LoginTest@4b013c76]" started-at="2026-01-18T19:44:43 IST" name="setup" finished-at="2026-01-18T19:44:46 IST" duration-ms="3206" status="PASS">
          <reporter-output>
          </reporter-output>
        </test-method> <!-- setup -->
        <test-method is-config="true" signature="setUpPage()[pri:0, instance:kbm.qa.tests.LoginTest@4b013c76]" started-at="2026-01-18T19:44:46 IST" name="setUpPage" finished-at="2026-01-18T19:44:46 IST" duration-ms="1" status="PASS">
          <reporter-output>
          </reporter-output>
        </test-method> <!-- setUpPage -->
        <test-method signature="loginPageURLTest()[pri:0, instance:kbm.qa.tests.LoginTest@4b013c76]" started-at="2026-01-18T19:44:46 IST" name="loginPageURLTest" finished-at="2026-01-18T19:44:46 IST" duration-ms="17" status="PASS">
          <reporter-output>
          </reporter-output>
        </test-method> <!-- loginPageURLTest -->
        <test-method is-config="true" signature="tearDown()[pri:0, instance:kbm.qa.tests.LoginTest@4b013c76]" started-at="2026-01-18T19:44:46 IST" name="tearDown" finished-at="2026-01-18T19:44:46 IST" duration-ms="165" status="PASS">
          <reporter-output>
          </reporter-output>
        </test-method> <!-- tearDown -->
        <test-method is-config="true" signature="setup()[pri:0, instance:kbm.qa.tests.LoginTest@4b013c76]" started-at="2026-01-18T19:44:46 IST" name="setup" finished-at="2026-01-18T19:44:49 IST" duration-ms="3290" status="PASS">
          <reporter-output>
          </reporter-output>
        </test-method> <!-- setup -->
        <test-method is-config="true" signature="setUpPage()[pri:0, instance:kbm.qa.tests.LoginTest@4b013c76]" started-at="2026-01-18T19:44:49 IST" name="setUpPage" finished-at="2026-01-18T19:44:49 IST" duration-ms="1" status="PASS">
          <reporter-output>
          </reporter-output>
        </test-method> <!-- setUpPage -->
        <test-method signature="validLoginTest()[pri:0, instance:kbm.qa.tests.LoginTest@4b013c76]" started-at="2026-01-18T19:44:49 IST" name="validLoginTest" finished-at="2026-01-18T19:44:50 IST" duration-ms="1113" status="PASS">
          <reporter-output>
          </reporter-output>
        </test-method> <!-- validLoginTest -->
        <test-method is-config="true" signature="tearDown()[pri:0, instance:kbm.qa.tests.LoginTest@4b013c76]" started-at="2026-01-18T19:44:50 IST" name="tearDown" finished-at="2026-01-18T19:44:51 IST" duration-ms="164" status="PASS">
          <reporter-output>
          </reporter-output>
        </test-method> <!-- tearDown -->
      </class> <!-- kbm.qa.tests.LoginTest -->
    </test> <!-- Login page Test -->
  </suite> <!-- Login Suite -->
</testng-results>
