<?xml version="1.0" encoding="UTF-8"?>
<!-- Generated by org.testng.reporters.JUnitReportReporter -->
<testsuite hostname="DESKTOP-6VQA70U" failures="0" tests="5" name="kbm.qa.tests.LoginTest" time="13.254" errors="0" timestamp="2026-01-18T19:44:51 IST" skipped="2">
  <testcase classname="kbm.qa.tests.LoginTest" name="loginPageURLTest" time="3.502"/>
  <testcase classname="kbm.qa.tests.LoginTest" name="validLoginTest" time="4.488"/>
  <testcase classname="kbm.qa.tests.LoginTest" name="loginPageTitleTest" time="5.264"/>
  <testcase classname="kbm.qa.tests.LoginTest" name="loginTest">
    <skipped/>
  </testcase> <!-- loginTest -->
  <testcase classname="kbm.qa.tests.LoginTest" name="loginDataProviderTest">
    <skipped/>
  </testcase> <!-- loginDataProviderTest -->
</testsuite> <!-- kbm.qa.tests.LoginTest -->
