<?xml version="1.0" encoding="UTF-8"?>
<!-- Generated by org.testng.reporters.JUnitReportReporter -->
<testsuite hostname="DESKTOP-6VQA70U" failures="0" tests="5" name="kbm.qa.tests.LoginTest" time="14.946" errors="0" timestamp="2026-01-18T23:07:26 IST" skipped="2">
  <testcase classname="kbm.qa.tests.LoginTest" name="loginPageURLTest" time="6.925"/>
  <testcase classname="kbm.qa.tests.LoginTest" name="validLoginTest" time="4.640"/>
  <testcase classname="kbm.qa.tests.LoginTest" name="loginPageTitleTest" time="3.381"/>
  <testcase classname="kbm.qa.tests.LoginTest" name="loginDataProviderTest">
    <skipped/>
  </testcase> <!-- loginDataProviderTest -->
  <testcase classname="kbm.qa.tests.LoginTest" name="loginTest">
    <skipped/>
  </testcase> <!-- loginTest -->
</testsuite> <!-- kbm.qa.tests.LoginTest -->
