<?xml version="1.0" encoding="UTF-8"?>
<!-- Generated by org.testng.reporters.JUnitXMLReporter -->
<testsuite ignored="2" hostname="DESKTOP-6VQA70U" failures="0" tests="3" name="Login page Test" time="15.009" errors="0" timestamp="2026-01-18T23:07:26 IST">
  <testcase classname="kbm.qa.tests.LoginTest" name="loginPageTitleTest" time="0.021"/>
  <testcase classname="kbm.qa.tests.LoginTest" name="loginPageURLTest" time="0.009"/>
  <testcase classname="kbm.qa.tests.LoginTest" name="validLoginTest" time="1.287"/>
  <testcase classname="kbm.qa.tests.LoginTest" name="loginDataProviderTest" time="0.0">
    <ignored/>
  </testcase> <!-- loginDataProviderTest -->
  <testcase classname="kbm.qa.tests.LoginTest" name="loginTest" time="0.0">
    <ignored/>
  </testcase> <!-- loginTest -->
</testsuite> <!-- Login page Test -->
